--watch/-w can be omitted, JSON Server 1+ watches for file changes by default
JSON Server started on PORT :3000
Press CTRL-C to stop
Watching cars.json...

♡⸜(˶˃ ᵕ ˂˶)⸝♡

Index:
http://localhost:3000/

Static files:
Serving ./public directory if it exists

Endpoints:
http://localhost:3000/cars
--watch/-w can be omitted, JSON Server 1+ watches for file changes by default
node:events:495
      throw er; // Unhandled 'error' event
      ^

Error: listen EADDRINUSE: address already in use :::3000
    at Server.setupListenHandle [as _listen2] (node:net:1811:16)
    at listenInCluster (node:net:1859:12)
    at Server.listen (node:net:1947:7)
    at App.listen (file:///usr/local/lib/node_modules/json-server/node_modules/@tinyhttp/app/dist/app.js:364:58)
    at file:///usr/local/lib/node_modules/json-server/lib/bin.js:132:5
Emitted 'error' event on Server instance at:
    at emitErrorNT (node:net:1838:8)
    at process.processTicksAndRejections (node:internal/process/task_queues:82:21) {
  code: 'EADDRINUSE',
  errno: -98,
  syscall: 'listen',
  address: '::',
  port: 3000
}

Node.js v18.19.0
--watch/-w can be omitted, JSON Server 1+ watches for file changes by default
node:events:495
      throw er; // Unhandled 'error' event
      ^

Error: listen EADDRINUSE: address already in use :::3000
    at Server.setupListenHandle [as _listen2] (node:net:1811:16)
    at listenInCluster (node:net:1859:12)
    at Server.listen (node:net:1947:7)
    at App.listen (file:///usr/local/lib/node_modules/json-server/node_modules/@tinyhttp/app/dist/app.js:364:58)
    at file:///usr/local/lib/node_modules/json-server/lib/bin.js:132:5
Emitted 'error' event on Server instance at:
    at emitErrorNT (node:net:1838:8)
    at process.processTicksAndRejections (node:internal/process/task_queues:82:21) {
  code: 'EADDRINUSE',
  errno: -98,
  syscall: 'listen',
  address: '::',
  port: 3000
}

Node.js v18.19.0
